<?xml version="1.0" encoding="UTF-8"?>
<!-- Generated by org.testng.reporters.JUnitReportReporter -->
<testsuite hostname="HYDLAP151" failures="0" tests="2" name="com.testng.practicefiledownload" time="9.415" errors="0" timestamp="2022-08-02T15:11:51 IST" skipped="0">
  <testcase classname="com.testng.practicefiledownload" name="LoadingFileDownloadPage" time="4.267"/>
  <system-out/>
  <testcase classname="com.testng.practicefiledownload" name="validatefileUpload" time="5.148"/>
  <system-out/>
</testsuite> <!-- com.testng.practicefiledownload -->
