<?xml version="1.0" encoding="UTF-8"?>
<!-- Generated by org.testng.reporters.JUnitReportReporter -->
<testsuite hostname="HYDLAP151" failures="0" tests="4" name="com.testng.ValidateMouseOperations" time="7.715" errors="0" timestamp="2022-07-24T23:50:46 IST" skipped="0">
  <testcase classname="com.testng.ValidateMouseOperations" name="ValidateLoadingTheJQueryPage" time="1.711"/>
  <system-out/>
  <testcase classname="com.testng.ValidateMouseOperations" name="ValidateRightClick" time="0.367"/>
  <system-out/>
  <testcase classname="com.testng.ValidateMouseOperations" name="ValidateDoubleClick" time="3.383"/>
  <system-out/>
  <testcase classname="com.testng.ValidateMouseOperations" name="ValidateDragAndDrop" time="2.254"/>
  <system-out/>
</testsuite> <!-- com.testng.ValidateMouseOperations -->
