<?xml version="1.0" encoding="UTF-8"?>
<!-- Generated by org.testng.reporters.JUnitReportReporter -->
<testsuite hostname="HYDLAP151" failures="0" tests="2" name="com.testng.practicefileupload" time="15.334" errors="0" timestamp="2022-08-02T09:34:07 IST" skipped="0">
  <testcase classname="com.testng.practicefileupload" name="LoadingFileUploadPage" time="2.778"/>
  <system-out/>
  <testcase classname="com.testng.practicefileupload" name="validatefileUpload" time="12.556"/>
  <system-out/>
</testsuite> <!-- com.testng.practicefileupload -->
