<?xml version="1.0" encoding="UTF-8"?>
<!-- Generated by org.testng.reporters.JUnitReportReporter -->
<testsuite hostname="HYDLAP151" failures="0" tests="2" name="com.testng.ValidateMultipleWindows" time="9.588" errors="0" timestamp="2022-07-22T12:32:19 IST" skipped="0">
  <testcase classname="com.testng.ValidateMultipleWindows" name="ValidateLoadingNxtGenAIAcademyMultipleWindows" time="4.402"/>
  <system-out/>
  <testcase classname="com.testng.ValidateMultipleWindows" name="ValidateNewBrowserWindow" time="5.186"/>
  <system-out/>
</testsuite> <!-- com.testng.ValidateMultipleWindows -->
