<?xml version="1.0" encoding="UTF-8"?>
<!-- Generated by org.testng.reporters.JUnitReportReporter -->
<testsuite hostname="HYDLAP151" failures="0" tests="2" name="com.testng.practicealerts" time="10.952" errors="0" timestamp="2022-07-19T15:45:09 IST" skipped="0">
  <testcase classname="com.testng.practicealerts" name="LoadingDemoQaAlertsPage" time="5.259"/>
  <system-out/>
  <testcase classname="com.testng.practicealerts" name="ValidateAlertsInsideDemoQA" time="5.693"/>
  <system-out/>
</testsuite> <!-- com.testng.practicealerts -->
