<?xml version="1.0" encoding="UTF-8"?>
<!-- Generated by org.testng.reporters.JUnitReportReporter -->
<testsuite hostname="HYDLAP151" failures="0" tests="2" name="com.testng.testngcase2" time="4.380" errors="0" timestamp="2022-07-19T23:03:19 IST" skipped="0">
  <testcase classname="com.testng.testngcase2" name="GoToAlertsPage" time="3.738"/>
  <system-out/>
  <testcase classname="com.testng.testngcase2" name="AlertsValidation" time="0.642"/>
  <system-out/>
</testsuite> <!-- com.testng.testngcase2 -->
