<?xml version="1.0" encoding="UTF-8"?>
<!-- Generated by org.testng.reporters.JUnitReportReporter -->
<testsuite hostname="HYDLAP151" failures="0" tests="2" name="com.testng.launchamazon" time="2.288" errors="0" timestamp="2022-07-20T11:47:08 IST" skipped="0">
  <testcase classname="com.testng.launchamazon" name="VisitAmazon" time="2.003"/>
  <system-out/>
  <testcase classname="com.testng.launchamazon" name="ValidatePageTitle" time="0.285"/>
  <system-out/>
</testsuite> <!-- com.testng.launchamazon -->
