<?xml version="1.0" encoding="UTF-8"?>
<!-- Generated by org.testng.reporters.JUnitReportReporter -->
<testsuite hostname="HYDLAP151" failures="0" tests="2" name="com.testng.practicewebtable2" time="3.403" errors="0" timestamp="2022-08-02T09:42:08 IST" skipped="0">
  <testcase classname="com.testng.practicewebtable2" name="LoadingWebTablePage" time="3.108"/>
  <system-out/>
  <testcase classname="com.testng.practicewebtable2" name="ValidateWebTable" time="0.295"/>
  <system-out/>
</testsuite> <!-- com.testng.practicewebtable2 -->
