<?xml version="1.0" encoding="UTF-8"?>
<!-- Generated by org.testng.reporters.JUnitReportReporter -->
<testsuite hostname="HYDLAP151" failures="0" tests="2" name="com.testng.dropdownpractice" time="4.115" errors="0" timestamp="2022-07-25T18:06:27 IST" skipped="0">
  <testcase classname="com.testng.dropdownpractice" name="ValidateLoadingTutorialsHut" time="3.145"/>
  <system-out/>
  <testcase classname="com.testng.dropdownpractice" name="ValidateDropDownAvailable" time="0.970"/>
  <system-out/>
</testsuite> <!-- com.testng.dropdownpractice -->
