<?xml version="1.0" encoding="UTF-8"?>
<!-- Generated by org.testng.reporters.JUnitReportReporter -->
<testsuite hostname="HYDLAP151" failures="0" tests="2" name="com.testng.practicewebtable" time="3.134" errors="0" timestamp="2022-08-02T09:37:34 IST" skipped="0">
  <testcase classname="com.testng.practicewebtable" name="ValidateTitleOfWebTablePage" time="2.119"/>
  <system-out/>
  <testcase classname="com.testng.practicewebtable" name="ValidateWebTable" time="1.015"/>
  <system-out/>
</testsuite> <!-- com.testng.practicewebtable -->
